[2026-06-03 16:04:03] Instalando Apache e ffmpeg para suporte a mídia/vídeos de treino.

WARNING: apt does not have a stable CLI interface. Use with caution in scripts.

Hit:1 http://security.ubuntu.com/ubuntu noble-security InRelease
Hit:2 http://archive.ubuntu.com/ubuntu noble InRelease
Hit:3 http://archive.ubuntu.com/ubuntu noble-updates InRelease
Hit:4 http://archive.ubuntu.com/ubuntu noble-backports InRelease
Reading package lists...
Building dependency tree...
Reading state information...
All packages are up to date.

WARNING: apt does not have a stable CLI interface. Use with caution in scripts.

Reading package lists...
Building dependency tree...
Reading state information...
apache2 is already the newest version (2.4.58-1ubuntu8.12).
ffmpeg is already the newest version (7:6.1.1-3ubuntu5).
0 upgraded, 0 newly installed, 0 to remove and 0 not upgraded.
[2026-06-03 16:04:09] [SUCESSO] Apache e ffmpeg instalados.
[2026-06-03 16:04:09] [OK] Apache está instalado.
[2026-06-03 16:04:09] [OK] Apache está em execução.
[2026-06-03 16:04:09] Versão do Apache instalada:
Server version: Apache/2.4.58 (Ubuntu)
Server built:   2026-05-05T13:22:45
[2026-06-03 16:04:09] Versão do ffmpeg instalada:
ffmpeg version 6.1.1-3ubuntu5 Copyright (c) 2000-2023 the FFmpeg developers
[2026-06-03 16:05:44] Instalando Apache e ffmpeg para suporte a mídia/vídeos de treino.

WARNING: apt does not have a stable CLI interface. Use with caution in scripts.

Hit:1 http://archive.ubuntu.com/ubuntu noble InRelease
Hit:2 http://security.ubuntu.com/ubuntu noble-security InRelease
Hit:3 http://archive.ubuntu.com/ubuntu noble-updates InRelease
Hit:4 http://archive.ubuntu.com/ubuntu noble-backports InRelease
Reading package lists...
Building dependency tree...
Reading state information...
All packages are up to date.

WARNING: apt does not have a stable CLI interface. Use with caution in scripts.

Reading package lists...
Building dependency tree...
Reading state information...
apache2 is already the newest version (2.4.58-1ubuntu8.12).
ffmpeg is already the newest version (7:6.1.1-3ubuntu5).
0 upgraded, 0 newly installed, 0 to remove and 0 not upgraded.
[2026-06-03 16:05:50] [SUCESSO] Apache e ffmpeg instalados.
[2026-06-03 16:05:50] [OK] Apache está instalado.
[2026-06-03 16:05:50] [OK] Apache está em execução.
[2026-06-03 16:05:50] Versão do Apache instalada:
Server version: Apache/2.4.58 (Ubuntu)
Server built:   2026-05-05T13:22:45
[2026-06-03 16:05:50] Versão do ffmpeg instalada:
ffmpeg version 6.1.1-3ubuntu5 Copyright (c) 2000-2023 the FFmpeg developers
